<testsuites id="" name="" tests="1" failures="0" skipped="0" errors="0" time="25.521922">
<testsuite name="dist\player.spec.js" timestamp="2026-09-14T14:03:00.605Z" hostname="chromium" tests="1" failures="0" skipped="0" time="24.466" errors="0">
<testcase name=" (D:\a\Inmind-Demo-WaveReadiness02\Inmind-Demo-WaveReadiness02\PageScriptLibrary\Invoice - 3\DynamicsCon - Page Scripting 2 - Direct Purchase Invoice No PO.yml)" classname="dist\player.spec.js" time="24.466">
<properties>
[...]
</properties>
<system-out>
<![CDATA[
[[ATTACHMENT|..\..\..\..\..\_temp\test-results\dist-player--D-a-Inmind-De-a6e22-Purchase-Invoice-No-PO-yml--chromium\attachments\Recording-34a7af8dd1e4bb77925404434cbd1a82b387e07f.yml]]

[[ATTACHMENT|..\..\..\..\..\_temp\test-results\dist-player--D-a-Inmind-De-a6e22-Purchase-Invoice-No-PO-yml--chromium\attachments\Replay-log-786a7e68e8b11947688ea3542541243dc15f95be.yml]]

[[ATTACHMENT|..\..\..\..\..\_temp\test-results\dist-player--D-a-Inmind-De-a6e22-Purchase-Invoice-No-PO-yml--chromium\test-finished-1.png]]

[[ATTACHMENT|..\..\..\..\..\_temp\test-results\dist-player--D-a-Inmind-De-a6e22-Purchase-Invoice-No-PO-yml--chromium\video.webm]]
]]>
</system-out>
</testcase>
</testsuite>
</testsuites>