<testsuites id="" name="" tests="1" failures="0" skipped="0" errors="0" time="148.418068">
<testsuite name="dist\player.spec.js" timestamp="2026-09-15T00:23:24.478Z" hostname="chromium" tests="1" failures="0" skipped="0" time="146.363" errors="0">
<testcase name=" (D:\a\Inmind-Demo-WaveReadiness02\Inmind-Demo-WaveReadiness02\PageScriptLibrary\Invoice - 3\DynamicsCon - Page Scripting 7 - Low Qty High Price.yml)" classname="dist\player.spec.js" time="146.363">
<properties>
[...]
</properties>
<system-out>
<![CDATA[
[[ATTACHMENT|..\..\..\..\..\_temp\test-results\dist-player--D-a-Inmind-De-f8c78-7---Low-Qty-High-Price-yml--chromium\test-failed-1.png]]

[[ATTACHMENT|..\..\..\..\..\_temp\test-results\dist-player--D-a-Inmind-De-f8c78-7---Low-Qty-High-Price-yml--chromium\video.webm]]

[[ATTACHMENT|..\..\..\..\..\_temp\test-results\dist-player--D-a-Inmind-De-f8c78-7---Low-Qty-High-Price-yml--chromium\error-context.md]]

[[ATTACHMENT|..\..\..\..\..\_temp\test-results\dist-player--D-a-Inmind-De-f8c78-7---Low-Qty-High-Price-yml--chromium-retry1\attachments\Recording-63bcd373018d163835376dd1a56477c99d40a826.yml]]

[[ATTACHMENT|..\..\..\..\..\_temp\test-results\dist-player--D-a-Inmind-De-f8c78-7---Low-Qty-High-Price-yml--chromium-retry1\attachments\Replay-log-ffcfdec52d35c70b86c97d54452e1f8b344a92a7.yml]]

[[ATTACHMENT|..\..\..\..\..\_temp\test-results\dist-player--D-a-Inmind-De-f8c78-7---Low-Qty-High-Price-yml--chromium-retry1\test-finished-1.png]]

[[ATTACHMENT|..\..\..\..\..\_temp\test-results\dist-player--D-a-Inmind-De-f8c78-7---Low-Qty-High-Price-yml--chromium-retry1\video.webm]]
]]>
</system-out>
</testcase>
</testsuite>
</testsuites>