<testsuites id="" name="" tests="1" failures="0" skipped="0" errors="0" time="24.399084">
<testsuite name="dist\player.spec.js" timestamp="2026-09-14T19:33:13.976Z" hostname="chromium" tests="1" failures="0" skipped="0" time="23.274" errors="0">
<testcase name=" (D:\a\Inmind-Demo-WaveReadiness02\Inmind-Demo-WaveReadiness02\PageScriptLibrary\MasterData - 1\DynamicsCon - Page Scripting 2 - Create Vendor.yml)" classname="dist\player.spec.js" time="23.274">
<properties>
[...]
</properties>
<system-out>
<![CDATA[
[[ATTACHMENT|..\..\..\..\..\_temp\test-results\dist-player--D-a-Inmind-De-de7bb-ting-2---Create-Vendor-yml--chromium\attachments\Recording-e72ed4da14a70755ee95c2617cad72296f887775.yml]]

[[ATTACHMENT|..\..\..\..\..\_temp\test-results\dist-player--D-a-Inmind-De-de7bb-ting-2---Create-Vendor-yml--chromium\attachments\Replay-log-c527c2accd9d6b3b185ead274ded661bfa7db1dc.yml]]

[[ATTACHMENT|..\..\..\..\..\_temp\test-results\dist-player--D-a-Inmind-De-de7bb-ting-2---Create-Vendor-yml--chromium\test-finished-1.png]]

[[ATTACHMENT|..\..\..\..\..\_temp\test-results\dist-player--D-a-Inmind-De-de7bb-ting-2---Create-Vendor-yml--chromium\video.webm]]
]]>
</system-out>
</testcase>
</testsuite>
</testsuites>