<testsuites id="" name="" tests="1" failures="1" skipped="0" errors="0" time="37.09233999999999">
<testsuite name="dist\player.spec.js" timestamp="2026-09-16T17:06:10.329Z" hostname="chromium" tests="1" failures="1" skipped="0" time="35.109" errors="0">
<testcase name=" (D:\a\Inmind-Demo-WaveReadiness02\Inmind-Demo-WaveReadiness02\PageScriptLibrary\Return - 4\DynamicsCon - Page Scripting 1 - Purchase Return Order.yml)" classname="dist\player.spec.js" time="35.109">
<properties>
[...]
</properties>
<failure message="player.spec.js:64:21  (D:\a\Inmind-Demo-WaveReadiness02\Inmind-Demo-WaveReadiness02\PageScriptLibrary\Return - 4\DynamicsCon - Page Scripting 1 - Purchase Return Order.yml)" type="FAILURE">
<![CDATA[  [chromium] › dist\player.spec.js:64:21 ›  (D:\a\Inmind-Demo-WaveReadiness02\Inmind-Demo-WaveReadiness02\PageScriptLibrary\Return - 4\DynamicsCon - Page Scripting 1 - Purchase Return Order.yml) 

    Error: An error occurred during replaying the recording. See replay log for further info.

    expect(received).toBeFalsy()

    Received: "Unexpected page. Was expecting page with automation id '8da61efd-0002-0003-0507-0b0d1113171d' but got page with name 'Purchase Return Order' and with automation id '000019f0-0000-0001-0c00-0000836bd2d2'"
        at playRecording (D:\a\_temp\node_modules\@microsoft\bc-replay\player\dist\Commands.js:118:134)
        at D:\a\_temp\node_modules\@microsoft\bc-replay\player\dist\player.spec.js:64:88

    attachment #1: Recording (text/plain) ──────────────────────────────────────────────────────────
    ..\..\..\..\test-results\dist-player--D-a-Inmind-De-bb8fc--Purchase-Return-Order-yml--chromium\attachments\Recording-c103b9b3fef1be3f21f513896bb20ee49665c696.yml
    ────────────────────────────────────────────────────────────────────────────────────────────────

    attachment #2: Replay log (text/plain) ─────────────────────────────────────────────────────────
    ..\..\..\..\test-results\dist-player--D-a-Inmind-De-bb8fc--Purchase-Return-Order-yml--chromium\attachments\Replay-log-da4c125ab7d365715497f81833bc04975bd961c9.yml
    ────────────────────────────────────────────────────────────────────────────────────────────────

    attachment #3: screenshot (image/png) ──────────────────────────────────────────────────────────
    ..\..\..\..\test-results\dist-player--D-a-Inmind-De-bb8fc--Purchase-Return-Order-yml--chromium\test-failed-1.png
    ────────────────────────────────────────────────────────────────────────────────────────────────

    attachment #4: video (video/webm) ──────────────────────────────────────────────────────────────
    ..\..\..\..\test-results\dist-player--D-a-Inmind-De-bb8fc--Purchase-Return-Order-yml--chromium\video.webm
    ────────────────────────────────────────────────────────────────────────────────────────────────

    Error Context: ..\..\..\..\test-results\dist-player--D-a-Inmind-De-bb8fc--Purchase-Return-Order-yml--chromium\error-context.md

    Retry #1 ───────────────────────────────────────────────────────────────────────────────────────

    Error: An error occurred during replaying the recording. See replay log for further info.

    expect(received).toBeFalsy()

    Received: "Unexpected page. Was expecting page with automation id '8da61efd-0002-0003-0507-0b0d1113171d' but got page with name 'Purchase Return Order' and with automation id '000019f0-0000-0001-0c00-0000836bd2d2'"
        at playRecording (D:\a\_temp\node_modules\@microsoft\bc-replay\player\dist\Commands.js:118:134)
        at D:\a\_temp\node_modules\@microsoft\bc-replay\player\dist\player.spec.js:64:88

    attachment #1: Recording (text/plain) ──────────────────────────────────────────────────────────
    ..\..\..\..\test-results\dist-player--D-a-Inmind-De-bb8fc--Purchase-Return-Order-yml--chromium-retry1\attachments\Recording-c103b9b3fef1be3f21f513896bb20ee49665c696.yml
    ────────────────────────────────────────────────────────────────────────────────────────────────

    attachment #2: Replay log (text/plain) ─────────────────────────────────────────────────────────
    ..\..\..\..\test-results\dist-player--D-a-Inmind-De-bb8fc--Purchase-Return-Order-yml--chromium-retry1\attachments\Replay-log-08278b5a980fb247adc2f7be9ff1ab45a8464372.yml
    ────────────────────────────────────────────────────────────────────────────────────────────────

    attachment #3: screenshot (image/png) ──────────────────────────────────────────────────────────
    ..\..\..\..\test-results\dist-player--D-a-Inmind-De-bb8fc--Purchase-Return-Order-yml--chromium-retry1\test-failed-1.png
    ────────────────────────────────────────────────────────────────────────────────────────────────

    attachment #4: video (video/webm) ──────────────────────────────────────────────────────────────
    ..\..\..\..\test-results\dist-player--D-a-Inmind-De-bb8fc--Purchase-Return-Order-yml--chromium-retry1\video.webm
    ────────────────────────────────────────────────────────────────────────────────────────────────

    Error Context: ..\..\..\..\test-results\dist-player--D-a-Inmind-De-bb8fc--Purchase-Return-Order-yml--chromium-retry1\error-context.md
]]>
</failure>
<system-out>
<![CDATA[
[[ATTACHMENT|..\..\..\..\..\_temp\test-results\dist-player--D-a-Inmind-De-bb8fc--Purchase-Return-Order-yml--chromium\attachments\Recording-c103b9b3fef1be3f21f513896bb20ee49665c696.yml]]

[[ATTACHMENT|..\..\..\..\..\_temp\test-results\dist-player--D-a-Inmind-De-bb8fc--Purchase-Return-Order-yml--chromium\attachments\Replay-log-da4c125ab7d365715497f81833bc04975bd961c9.yml]]

[[ATTACHMENT|..\..\..\..\..\_temp\test-results\dist-player--D-a-Inmind-De-bb8fc--Purchase-Return-Order-yml--chromium\test-failed-1.png]]

[[ATTACHMENT|..\..\..\..\..\_temp\test-results\dist-player--D-a-Inmind-De-bb8fc--Purchase-Return-Order-yml--chromium\video.webm]]

[[ATTACHMENT|..\..\..\..\..\_temp\test-results\dist-player--D-a-Inmind-De-bb8fc--Purchase-Return-Order-yml--chromium\error-context.md]]

[[ATTACHMENT|..\..\..\..\..\_temp\test-results\dist-player--D-a-Inmind-De-bb8fc--Purchase-Return-Order-yml--chromium-retry1\attachments\Recording-c103b9b3fef1be3f21f513896bb20ee49665c696.yml]]

[[ATTACHMENT|..\..\..\..\..\_temp\test-results\dist-player--D-a-Inmind-De-bb8fc--Purchase-Return-Order-yml--chromium-retry1\attachments\Replay-log-08278b5a980fb247adc2f7be9ff1ab45a8464372.yml]]

[[ATTACHMENT|..\..\..\..\..\_temp\test-results\dist-player--D-a-Inmind-De-bb8fc--Purchase-Return-Order-yml--chromium-retry1\test-failed-1.png]]

[[ATTACHMENT|..\..\..\..\..\_temp\test-results\dist-player--D-a-Inmind-De-bb8fc--Purchase-Return-Order-yml--chromium-retry1\video.webm]]

[[ATTACHMENT|..\..\..\..\..\_temp\test-results\dist-player--D-a-Inmind-De-bb8fc--Purchase-Return-Order-yml--chromium-retry1\error-context.md]]
]]>
</system-out>
</testcase>
</testsuite>
</testsuites>