<testsuites id="" name="" tests="1" failures="0" skipped="0" errors="0" time="23.626720000000002">
<testsuite name="dist\player.spec.js" timestamp="2026-09-16T15:04:00.767Z" hostname="chromium" tests="1" failures="0" skipped="0" time="22.594" errors="0">
<testcase name=" (D:\a\Inmind-Demo-WaveReadiness02\Inmind-Demo-WaveReadiness02\PageScriptLibrary\Invoice - 3\DynamicsCon - Page Scripting 6 - High Qty Low Price.yml)" classname="dist\player.spec.js" time="22.594">
<properties>
[...]
</properties>
<system-out>
<![CDATA[
[[ATTACHMENT|..\..\..\..\..\_temp\test-results\dist-player--D-a-Inmind-De-aaeaf-6---High-Qty-Low-Price-yml--chromium\attachments\Recording-ef2778a161705d06443d19e98f9b9bd9823b28e4.yml]]

[[ATTACHMENT|..\..\..\..\..\_temp\test-results\dist-player--D-a-Inmind-De-aaeaf-6---High-Qty-Low-Price-yml--chromium\attachments\Replay-log-8c7cc86400495253a2593d4f81d4d5c064919dac.yml]]

[[ATTACHMENT|..\..\..\..\..\_temp\test-results\dist-player--D-a-Inmind-De-aaeaf-6---High-Qty-Low-Price-yml--chromium\test-finished-1.png]]

[[ATTACHMENT|..\..\..\..\..\_temp\test-results\dist-player--D-a-Inmind-De-aaeaf-6---High-Qty-Low-Price-yml--chromium\video.webm]]
]]>
</system-out>
</testcase>
</testsuite>
</testsuites>