<testsuites id="" name="" tests="1" failures="0" skipped="0" errors="0" time="22.228399999999997">
<testsuite name="dist\player.spec.js" timestamp="2026-09-14T18:47:15.135Z" hostname="chromium" tests="1" failures="0" skipped="0" time="21.08" errors="0">
<testcase name=" (D:\a\Inmind-Demo-WaveReadiness02\Inmind-Demo-WaveReadiness02\PageScriptLibrary\Payment - 5\DynamicsCon - Page Scripting 2 - Payment Journal Manual and Post.yml)" classname="dist\player.spec.js" time="21.08">
<properties>
[...]
</properties>
<system-out>
<![CDATA[
[[ATTACHMENT|..\..\..\..\..\_temp\test-results\dist-player--D-a-Inmind-De-ffa46-ournal-Manual-and-Post-yml--chromium\attachments\Recording-962cc74ef92e2fe9102c8eb59cbb05d7dc4778e0.yml]]

[[ATTACHMENT|..\..\..\..\..\_temp\test-results\dist-player--D-a-Inmind-De-ffa46-ournal-Manual-and-Post-yml--chromium\attachments\Replay-log-d7e39195d34563de161b263b12099ebf996fb3bb.yml]]

[[ATTACHMENT|..\..\..\..\..\_temp\test-results\dist-player--D-a-Inmind-De-ffa46-ournal-Manual-and-Post-yml--chromium\test-finished-1.png]]

[[ATTACHMENT|..\..\..\..\..\_temp\test-results\dist-player--D-a-Inmind-De-ffa46-ournal-Manual-and-Post-yml--chromium\video.webm]]
]]>
</system-out>
</testcase>
</testsuite>
</testsuites>