<testsuites id="" name="" tests="1" failures="0" skipped="0" errors="0" time="148.645415">
<testsuite name="dist\player.spec.js" timestamp="2026-09-15T00:31:26.415Z" hostname="chromium" tests="1" failures="0" skipped="0" time="146.796" errors="0">
<testcase name=" (D:\a\Inmind-Demo-WaveReadiness02\Inmind-Demo-WaveReadiness02\PageScriptLibrary\Return - 4\DynamicsCon - Page Scripting 1 - Purchase Return Order.yml)" classname="dist\player.spec.js" time="146.796">
<properties>
[...]
</properties>
<system-out>
<![CDATA[
[[ATTACHMENT|..\..\..\..\..\_temp\test-results\dist-player--D-a-Inmind-De-bb8fc--Purchase-Return-Order-yml--chromium\test-failed-1.png]]

[[ATTACHMENT|..\..\..\..\..\_temp\test-results\dist-player--D-a-Inmind-De-bb8fc--Purchase-Return-Order-yml--chromium\video.webm]]

[[ATTACHMENT|..\..\..\..\..\_temp\test-results\dist-player--D-a-Inmind-De-bb8fc--Purchase-Return-Order-yml--chromium\error-context.md]]

[[ATTACHMENT|..\..\..\..\..\_temp\test-results\dist-player--D-a-Inmind-De-bb8fc--Purchase-Return-Order-yml--chromium-retry1\attachments\Recording-c103b9b3fef1be3f21f513896bb20ee49665c696.yml]]

[[ATTACHMENT|..\..\..\..\..\_temp\test-results\dist-player--D-a-Inmind-De-bb8fc--Purchase-Return-Order-yml--chromium-retry1\attachments\Replay-log-08278b5a980fb247adc2f7be9ff1ab45a8464372.yml]]

[[ATTACHMENT|..\..\..\..\..\_temp\test-results\dist-player--D-a-Inmind-De-bb8fc--Purchase-Return-Order-yml--chromium-retry1\test-finished-1.png]]

[[ATTACHMENT|..\..\..\..\..\_temp\test-results\dist-player--D-a-Inmind-De-bb8fc--Purchase-Return-Order-yml--chromium-retry1\video.webm]]
]]>
</system-out>
</testcase>
</testsuite>
</testsuites>