<testsuites id="" name="" tests="1" failures="0" skipped="0" errors="0" time="147.523652">
<testsuite name="dist\player.spec.js" timestamp="2026-09-15T01:11:55.360Z" hostname="chromium" tests="1" failures="0" skipped="0" time="145.759" errors="0">
<testcase name=" (D:\a\Inmind-Demo-WaveReadiness02\Inmind-Demo-WaveReadiness02\PageScriptLibrary\Invoice - 3\DynamicsCon - Page Scripting 6 - High Qty Low Price.yml)" classname="dist\player.spec.js" time="145.759">
<properties>
[...]
</properties>
<system-out>
<![CDATA[
[[ATTACHMENT|..\..\..\..\..\_temp\test-results\dist-player--D-a-Inmind-De-aaeaf-6---High-Qty-Low-Price-yml--chromium\test-failed-1.png]]

[[ATTACHMENT|..\..\..\..\..\_temp\test-results\dist-player--D-a-Inmind-De-aaeaf-6---High-Qty-Low-Price-yml--chromium\video.webm]]

[[ATTACHMENT|..\..\..\..\..\_temp\test-results\dist-player--D-a-Inmind-De-aaeaf-6---High-Qty-Low-Price-yml--chromium\error-context.md]]

[[ATTACHMENT|..\..\..\..\..\_temp\test-results\dist-player--D-a-Inmind-De-aaeaf-6---High-Qty-Low-Price-yml--chromium-retry1\attachments\Recording-ef2778a161705d06443d19e98f9b9bd9823b28e4.yml]]

[[ATTACHMENT|..\..\..\..\..\_temp\test-results\dist-player--D-a-Inmind-De-aaeaf-6---High-Qty-Low-Price-yml--chromium-retry1\attachments\Replay-log-47fbac93d3e3ce742188a6e4c68b72d197f120e9.yml]]

[[ATTACHMENT|..\..\..\..\..\_temp\test-results\dist-player--D-a-Inmind-De-aaeaf-6---High-Qty-Low-Price-yml--chromium-retry1\test-finished-1.png]]

[[ATTACHMENT|..\..\..\..\..\_temp\test-results\dist-player--D-a-Inmind-De-aaeaf-6---High-Qty-Low-Price-yml--chromium-retry1\video.webm]]
]]>
</system-out>
</testcase>
</testsuite>
</testsuites>