<testsuites id="" name="" tests="1" failures="0" skipped="0" errors="0" time="25.071645">
<testsuite name="dist\player.spec.js" timestamp="2026-09-16T16:56:04.903Z" hostname="chromium" tests="1" failures="0" skipped="0" time="24.038" errors="0">
<testcase name=" (D:\a\Inmind-Demo-WaveReadiness02\Inmind-Demo-WaveReadiness02\PageScriptLibrary\Purchase - 2\DynamicsCon - Page Scripting 2 - Create PO Directly.yml)" classname="dist\player.spec.js" time="24.038">
<properties>
[...]
</properties>
<system-out>
<![CDATA[
[[ATTACHMENT|..\..\..\..\..\_temp\test-results\dist-player--D-a-Inmind-De-20bc8-2---Create-PO-Directly-yml--chromium\attachments\Recording-c3b66522d3c33b7a2911e05ca83c83587b841013.yml]]

[[ATTACHMENT|..\..\..\..\..\_temp\test-results\dist-player--D-a-Inmind-De-20bc8-2---Create-PO-Directly-yml--chromium\attachments\Replay-log-14f39388c6bd0f24cd324dcb141ddeebf5ec1d6c.yml]]

[[ATTACHMENT|..\..\..\..\..\_temp\test-results\dist-player--D-a-Inmind-De-20bc8-2---Create-PO-Directly-yml--chromium\test-finished-1.png]]

[[ATTACHMENT|..\..\..\..\..\_temp\test-results\dist-player--D-a-Inmind-De-20bc8-2---Create-PO-Directly-yml--chromium\video.webm]]
]]>
</system-out>
</testcase>
</testsuite>
</testsuites>