<testsuites id="" name="" tests="1" failures="0" skipped="0" errors="0" time="150.49479">
<testsuite name="dist\player.spec.js" timestamp="2026-09-15T00:19:56.310Z" hostname="chromium" tests="1" failures="0" skipped="0" time="148.303" errors="0">
<testcase name=" (D:\a\Inmind-Demo-WaveReadiness02\Inmind-Demo-WaveReadiness02\PageScriptLibrary\Invoice - 3\DynamicsCon - Page Scripting 4 - Change Qty After Entering Line.yml)" classname="dist\player.spec.js" time="148.303">
<properties>
[...]
</properties>
<system-out>
<![CDATA[
[[ATTACHMENT|..\..\..\..\..\_temp\test-results\dist-player--D-a-Inmind-De-62699-ty-After-Entering-Line-yml--chromium\test-failed-1.png]]

[[ATTACHMENT|..\..\..\..\..\_temp\test-results\dist-player--D-a-Inmind-De-62699-ty-After-Entering-Line-yml--chromium\video.webm]]

[[ATTACHMENT|..\..\..\..\..\_temp\test-results\dist-player--D-a-Inmind-De-62699-ty-After-Entering-Line-yml--chromium\error-context.md]]

[[ATTACHMENT|..\..\..\..\..\_temp\test-results\dist-player--D-a-Inmind-De-62699-ty-After-Entering-Line-yml--chromium-retry1\attachments\Recording-5887b0c64c676e5be2f59b49fd99c6a62b5c10c7.yml]]

[[ATTACHMENT|..\..\..\..\..\_temp\test-results\dist-player--D-a-Inmind-De-62699-ty-After-Entering-Line-yml--chromium-retry1\attachments\Replay-log-555ca450019008848f8f8d30f7d9f9ab491b145a.yml]]

[[ATTACHMENT|..\..\..\..\..\_temp\test-results\dist-player--D-a-Inmind-De-62699-ty-After-Entering-Line-yml--chromium-retry1\test-finished-1.png]]

[[ATTACHMENT|..\..\..\..\..\_temp\test-results\dist-player--D-a-Inmind-De-62699-ty-After-Entering-Line-yml--chromium-retry1\video.webm]]
]]>
</system-out>
</testcase>
</testsuite>
</testsuites>