<testsuites id="" name="" tests="1" failures="0" skipped="0" errors="0" time="22.423359">
<testsuite name="dist\player.spec.js" timestamp="2026-09-16T17:04:29.849Z" hostname="chromium" tests="1" failures="0" skipped="0" time="21.406" errors="0">
<testcase name=" (D:\a\Inmind-Demo-WaveReadiness02\Inmind-Demo-WaveReadiness02\PageScriptLibrary\Invoice - 3\DynamicsCon - Page Scripting 7 - Low Qty High Price.yml)" classname="dist\player.spec.js" time="21.406">
<properties>
[...]
</properties>
<system-out>
<![CDATA[
[[ATTACHMENT|..\..\..\..\..\_temp\test-results\dist-player--D-a-Inmind-De-f8c78-7---Low-Qty-High-Price-yml--chromium\attachments\Recording-63bcd373018d163835376dd1a56477c99d40a826.yml]]

[[ATTACHMENT|..\..\..\..\..\_temp\test-results\dist-player--D-a-Inmind-De-f8c78-7---Low-Qty-High-Price-yml--chromium\attachments\Replay-log-ddcf7ddec076856d1cdc8d8da8dd042c6db44184.yml]]

[[ATTACHMENT|..\..\..\..\..\_temp\test-results\dist-player--D-a-Inmind-De-f8c78-7---Low-Qty-High-Price-yml--chromium\test-finished-1.png]]

[[ATTACHMENT|..\..\..\..\..\_temp\test-results\dist-player--D-a-Inmind-De-f8c78-7---Low-Qty-High-Price-yml--chromium\video.webm]]
]]>
</system-out>
</testcase>
</testsuite>
</testsuites>