<testsuites id="" name="" tests="1" failures="0" skipped="0" errors="0" time="29.484467">
<testsuite name="dist\player.spec.js" timestamp="2026-09-14T14:11:13.355Z" hostname="chromium" tests="1" failures="0" skipped="0" time="28.412" errors="0">
<testcase name=" (D:\a\Inmind-Demo-WaveReadiness02\Inmind-Demo-WaveReadiness02\PageScriptLibrary\Payment - 5\DynamicsCon - Page Scripting 1 - Create Payment.yml)" classname="dist\player.spec.js" time="28.412">
<properties>
[...]
</properties>
<system-out>
<![CDATA[
[[ATTACHMENT|..\..\..\..\..\_temp\test-results\dist-player--D-a-Inmind-De-c33a5-ing-1---Create-Payment-yml--chromium\attachments\Recording-1fdf357a497722f081d04818dcb8e4b8218bad0e.yml]]

[[ATTACHMENT|..\..\..\..\..\_temp\test-results\dist-player--D-a-Inmind-De-c33a5-ing-1---Create-Payment-yml--chromium\attachments\Replay-log-011383777dcb075d6145b218ed5d20c537564ac8.yml]]

[[ATTACHMENT|..\..\..\..\..\_temp\test-results\dist-player--D-a-Inmind-De-c33a5-ing-1---Create-Payment-yml--chromium\test-finished-1.png]]

[[ATTACHMENT|..\..\..\..\..\_temp\test-results\dist-player--D-a-Inmind-De-c33a5-ing-1---Create-Payment-yml--chromium\video.webm]]
]]>
</system-out>
</testcase>
</testsuite>
</testsuites>