<testsuites id="" name="" tests="1" failures="0" skipped="0" errors="0" time="33.055547">
<testsuite name="dist\player.spec.js" timestamp="2026-09-16T15:01:35.398Z" hostname="chromium" tests="1" failures="0" skipped="0" time="32.023" errors="0">
<testcase name=" (D:\a\Inmind-Demo-WaveReadiness02\Inmind-Demo-WaveReadiness02\PageScriptLibrary\Invoice - 3\DynamicsCon - Page Scripting 1 - Create Invoice, Post, Create Credit Memo, Post.yml)" classname="dist\player.spec.js" time="32.023">
<properties>
[...]
</properties>
<system-out>
<![CDATA[
[[ATTACHMENT|..\..\..\..\..\_temp\test-results\dist-player--D-a-Inmind-De-3afe2-reate-Credit-Memo-Post-yml--chromium\attachments\Recording-cf9f963f41af3e5246b1d024c748d5fcaa144bbd.yml]]

[[ATTACHMENT|..\..\..\..\..\_temp\test-results\dist-player--D-a-Inmind-De-3afe2-reate-Credit-Memo-Post-yml--chromium\attachments\Replay-log-f3c5ffc13f308f109ac5b484bf22d6b599645938.yml]]

[[ATTACHMENT|..\..\..\..\..\_temp\test-results\dist-player--D-a-Inmind-De-3afe2-reate-Credit-Memo-Post-yml--chromium\test-finished-1.png]]

[[ATTACHMENT|..\..\..\..\..\_temp\test-results\dist-player--D-a-Inmind-De-3afe2-reate-Credit-Memo-Post-yml--chromium\video.webm]]
]]>
</system-out>
</testcase>
</testsuite>
</testsuites>