<testsuites id="" name="" tests="1" failures="0" skipped="0" errors="0" time="22.370600999999997">
<testsuite name="dist\player.spec.js" timestamp="2026-09-16T17:04:56.136Z" hostname="chromium" tests="1" failures="0" skipped="0" time="21.226" errors="0">
<testcase name=" (D:\a\Inmind-Demo-WaveReadiness02\Inmind-Demo-WaveReadiness02\PageScriptLibrary\Invoice - 3\DynamicsCon - Page Scripting 8 - Line Discount 25 Percent.yml)" classname="dist\player.spec.js" time="21.226">
<properties>
[...]
</properties>
<system-out>
<![CDATA[
[[ATTACHMENT|..\..\..\..\..\_temp\test-results\dist-player--D-a-Inmind-De-7a63d-ne-Discount-25-Percent-yml--chromium\attachments\Recording-8923aef8e7c72a84df79e44ba89860f88b253c57.yml]]

[[ATTACHMENT|..\..\..\..\..\_temp\test-results\dist-player--D-a-Inmind-De-7a63d-ne-Discount-25-Percent-yml--chromium\attachments\Replay-log-0b37c2a00d84e3485159b12954137f52b17edfac.yml]]

[[ATTACHMENT|..\..\..\..\..\_temp\test-results\dist-player--D-a-Inmind-De-7a63d-ne-Discount-25-Percent-yml--chromium\test-finished-1.png]]

[[ATTACHMENT|..\..\..\..\..\_temp\test-results\dist-player--D-a-Inmind-De-7a63d-ne-Discount-25-Percent-yml--chromium\video.webm]]
]]>
</system-out>
</testcase>
</testsuite>
</testsuites>