<testsuites id="" name="" tests="1" failures="0" skipped="0" errors="0" time="25.427498">
<testsuite name="dist\player.spec.js" timestamp="2026-09-16T15:07:30.997Z" hostname="chromium" tests="1" failures="0" skipped="0" time="24.388" errors="0">
<testcase name=" (D:\a\Inmind-Demo-WaveReadiness02\Inmind-Demo-WaveReadiness02\PageScriptLibrary\Invoice - 3\DynamicsCon - Page Scripting 9 - Line Discount Amount.yml)" classname="dist\player.spec.js" time="24.388">
<properties>
[...]
</properties>
<system-out>
<![CDATA[
[[ATTACHMENT|..\..\..\..\..\_temp\test-results\dist-player--D-a-Inmind-De-2ebb6---Line-Discount-Amount-yml--chromium\attachments\Recording-cb723044c902acc7f394d50e18b053a70644722e.yml]]

[[ATTACHMENT|..\..\..\..\..\_temp\test-results\dist-player--D-a-Inmind-De-2ebb6---Line-Discount-Amount-yml--chromium\attachments\Replay-log-565d14d3d65206d696ddf48965998d16628a5da2.yml]]

[[ATTACHMENT|..\..\..\..\..\_temp\test-results\dist-player--D-a-Inmind-De-2ebb6---Line-Discount-Amount-yml--chromium\test-finished-1.png]]

[[ATTACHMENT|..\..\..\..\..\_temp\test-results\dist-player--D-a-Inmind-De-2ebb6---Line-Discount-Amount-yml--chromium\video.webm]]
]]>
</system-out>
</testcase>
</testsuite>
</testsuites>