<testsuites id="" name="" tests="1" failures="0" skipped="0" errors="0" time="152.606108">
<testsuite name="dist\player.spec.js" timestamp="2026-09-15T01:03:49.202Z" hostname="chromium" tests="1" failures="0" skipped="0" time="150.886" errors="0">
<testcase name=" (D:\a\Inmind-Demo-WaveReadiness02\Inmind-Demo-WaveReadiness02\PageScriptLibrary\Invoice - 3\DynamicsCon - Page Scripting 1 - Create Invoice, Post, Create Credit Memo, Post.yml)" classname="dist\player.spec.js" time="150.886">
<properties>
[...]
</properties>
<system-out>
<![CDATA[
[[ATTACHMENT|..\..\..\..\..\_temp\test-results\dist-player--D-a-Inmind-De-3afe2-reate-Credit-Memo-Post-yml--chromium\test-failed-1.png]]

[[ATTACHMENT|..\..\..\..\..\_temp\test-results\dist-player--D-a-Inmind-De-3afe2-reate-Credit-Memo-Post-yml--chromium\video.webm]]

[[ATTACHMENT|..\..\..\..\..\_temp\test-results\dist-player--D-a-Inmind-De-3afe2-reate-Credit-Memo-Post-yml--chromium\error-context.md]]

[[ATTACHMENT|..\..\..\..\..\_temp\test-results\dist-player--D-a-Inmind-De-3afe2-reate-Credit-Memo-Post-yml--chromium-retry1\attachments\Recording-cf9f963f41af3e5246b1d024c748d5fcaa144bbd.yml]]

[[ATTACHMENT|..\..\..\..\..\_temp\test-results\dist-player--D-a-Inmind-De-3afe2-reate-Credit-Memo-Post-yml--chromium-retry1\attachments\Replay-log-ca38876bd6867bb123601ad2eafa130bccba567c.yml]]

[[ATTACHMENT|..\..\..\..\..\_temp\test-results\dist-player--D-a-Inmind-De-3afe2-reate-Credit-Memo-Post-yml--chromium-retry1\test-finished-1.png]]

[[ATTACHMENT|..\..\..\..\..\_temp\test-results\dist-player--D-a-Inmind-De-3afe2-reate-Credit-Memo-Post-yml--chromium-retry1\video.webm]]
]]>
</system-out>
</testcase>
</testsuite>
</testsuites>