<testsuites id="" name="" tests="1" failures="0" skipped="0" errors="0" time="20.609973">
<testsuite name="dist\player.spec.js" timestamp="2026-09-16T15:39:39.747Z" hostname="chromium" tests="1" failures="0" skipped="0" time="19.57" errors="0">
<testcase name=" (D:\a\Inmind-Demo-WaveReadiness02\Inmind-Demo-WaveReadiness02\PageScriptLibrary\Purchase - 2\DynamicsCon - Page Scripting 3 - Partial Receipt with Validate.yml)" classname="dist\player.spec.js" time="19.57">
<properties>
[...]
</properties>
<system-out>
<![CDATA[
[[ATTACHMENT|..\..\..\..\..\_temp\test-results\dist-player--D-a-Inmind-De-25a9d--Receipt-with-Validate-yml--chromium\attachments\Recording-ca7bf61cc3ac960dcf70bac0512b92ca6f90e23f.yml]]

[[ATTACHMENT|..\..\..\..\..\_temp\test-results\dist-player--D-a-Inmind-De-25a9d--Receipt-with-Validate-yml--chromium\attachments\Replay-log-2cb6845e37ca40388d29a7dfc952f30768ed642b.yml]]

[[ATTACHMENT|..\..\..\..\..\_temp\test-results\dist-player--D-a-Inmind-De-25a9d--Receipt-with-Validate-yml--chromium\test-finished-1.png]]

[[ATTACHMENT|..\..\..\..\..\_temp\test-results\dist-player--D-a-Inmind-De-25a9d--Receipt-with-Validate-yml--chromium\video.webm]]
]]>
</system-out>
</testcase>
</testsuite>
</testsuites>