<testsuites id="" name="" tests="1" failures="0" skipped="0" errors="0" time="31.283493999999997">
<testsuite name="dist\player.spec.js" timestamp="2026-09-14T19:40:05.402Z" hostname="chromium" tests="1" failures="0" skipped="0" time="30.567" errors="0">
<testcase name=" (D:\a\Inmind-Demo-WaveReadiness02\Inmind-Demo-WaveReadiness02\PageScriptLibrary\Purchase - 2\DynamicsCon - Page Scripting 1 - Create Quote, Convert to PO, Post Receipt.yml)" classname="dist\player.spec.js" time="30.567">
<properties>
[...]
</properties>
<system-out>
<![CDATA[
[[ATTACHMENT|..\..\..\..\..\_temp\test-results\dist-player--D-a-Inmind-De-30d79-ert-to-PO-Post-Receipt-yml--chromium\attachments\Recording-28fb8c547dbc9c2a3a3f23140763e4a1d143baf6.yml]]

[[ATTACHMENT|..\..\..\..\..\_temp\test-results\dist-player--D-a-Inmind-De-30d79-ert-to-PO-Post-Receipt-yml--chromium\attachments\Replay-log-17d7e90ebe9333c217ac5cdd9c864c5290833971.yml]]

[[ATTACHMENT|..\..\..\..\..\_temp\test-results\dist-player--D-a-Inmind-De-30d79-ert-to-PO-Post-Receipt-yml--chromium\test-finished-1.png]]

[[ATTACHMENT|..\..\..\..\..\_temp\test-results\dist-player--D-a-Inmind-De-30d79-ert-to-PO-Post-Receipt-yml--chromium\video.webm]]
]]>
</system-out>
</testcase>
</testsuite>
</testsuites>