<testsuites id="" name="" tests="1" failures="0" skipped="0" errors="0" time="147.16462099999998">
<testsuite name="dist\player.spec.js" timestamp="2026-09-14T19:53:52.227Z" hostname="chromium" tests="1" failures="0" skipped="0" time="145.767" errors="0">
<testcase name=" (D:\a\Inmind-Demo-WaveReadiness02\Inmind-Demo-WaveReadiness02\PageScriptLibrary\Invoice - 3\DynamicsCon - Page Scripting 9 - Line Discount Amount.yml)" classname="dist\player.spec.js" time="145.767">
<properties>
[...]
</properties>
<system-out>
<![CDATA[
[[ATTACHMENT|..\..\..\..\..\_temp\test-results\dist-player--D-a-Inmind-De-2ebb6---Line-Discount-Amount-yml--chromium\test-failed-1.png]]

[[ATTACHMENT|..\..\..\..\..\_temp\test-results\dist-player--D-a-Inmind-De-2ebb6---Line-Discount-Amount-yml--chromium\video.webm]]

[[ATTACHMENT|..\..\..\..\..\_temp\test-results\dist-player--D-a-Inmind-De-2ebb6---Line-Discount-Amount-yml--chromium\error-context.md]]

[[ATTACHMENT|..\..\..\..\..\_temp\test-results\dist-player--D-a-Inmind-De-2ebb6---Line-Discount-Amount-yml--chromium-retry1\attachments\Recording-cb723044c902acc7f394d50e18b053a70644722e.yml]]

[[ATTACHMENT|..\..\..\..\..\_temp\test-results\dist-player--D-a-Inmind-De-2ebb6---Line-Discount-Amount-yml--chromium-retry1\attachments\Replay-log-173769e6a863d2301fb4066f9b4a2745ffdf1807.yml]]

[[ATTACHMENT|..\..\..\..\..\_temp\test-results\dist-player--D-a-Inmind-De-2ebb6---Line-Discount-Amount-yml--chromium-retry1\test-finished-1.png]]

[[ATTACHMENT|..\..\..\..\..\_temp\test-results\dist-player--D-a-Inmind-De-2ebb6---Line-Discount-Amount-yml--chromium-retry1\video.webm]]
]]>
</system-out>
</testcase>
</testsuite>
</testsuites>