<testsuites id="" name="" tests="1" failures="0" skipped="0" errors="0" time="21.851924999999998">
<testsuite name="dist\player.spec.js" timestamp="2026-09-14T19:50:07.514Z" hostname="chromium" tests="1" failures="0" skipped="0" time="21.144" errors="0">
<testcase name=" (D:\a\Inmind-Demo-WaveReadiness02\Inmind-Demo-WaveReadiness02\PageScriptLibrary\Invoice - 3\DynamicsCon - Page Scripting 5 - Change Direct Unit Cost After Entering Line.yml)" classname="dist\player.spec.js" time="21.144">
<properties>
[...]
</properties>
<system-out>
<![CDATA[
[[ATTACHMENT|..\..\..\..\..\_temp\test-results\dist-player--D-a-Inmind-De-e7168-st-After-Entering-Line-yml--chromium\attachments\Recording-8359a165d9ed9008b8edf2e08c8b14c00a6c521c.yml]]

[[ATTACHMENT|..\..\..\..\..\_temp\test-results\dist-player--D-a-Inmind-De-e7168-st-After-Entering-Line-yml--chromium\attachments\Replay-log-1dc29563b2027e1cf90b8cc342389c009e216395.yml]]

[[ATTACHMENT|..\..\..\..\..\_temp\test-results\dist-player--D-a-Inmind-De-e7168-st-After-Entering-Line-yml--chromium\test-finished-1.png]]

[[ATTACHMENT|..\..\..\..\..\_temp\test-results\dist-player--D-a-Inmind-De-e7168-st-After-Entering-Line-yml--chromium\video.webm]]
]]>
</system-out>
</testcase>
</testsuite>
</testsuites>