<testsuites id="" name="" tests="1" failures="0" skipped="0" errors="0" time="148.630091">
<testsuite name="dist\player.spec.js" timestamp="2026-09-15T01:16:55.456Z" hostname="chromium" tests="1" failures="0" skipped="0" time="146.788" errors="0">
<testcase name=" (D:\a\Inmind-Demo-WaveReadiness02\Inmind-Demo-WaveReadiness02\PageScriptLibrary\Invoice - 3\DynamicsCon - Page Scripting 8 - Line Discount 25 Percent.yml)" classname="dist\player.spec.js" time="146.788">
<properties>
[...]
</properties>
<system-out>
<![CDATA[
[[ATTACHMENT|..\..\..\..\..\_temp\test-results\dist-player--D-a-Inmind-De-7a63d-ne-Discount-25-Percent-yml--chromium\test-failed-1.png]]

[[ATTACHMENT|..\..\..\..\..\_temp\test-results\dist-player--D-a-Inmind-De-7a63d-ne-Discount-25-Percent-yml--chromium\video.webm]]

[[ATTACHMENT|..\..\..\..\..\_temp\test-results\dist-player--D-a-Inmind-De-7a63d-ne-Discount-25-Percent-yml--chromium\error-context.md]]

[[ATTACHMENT|..\..\..\..\..\_temp\test-results\dist-player--D-a-Inmind-De-7a63d-ne-Discount-25-Percent-yml--chromium-retry1\attachments\Recording-8923aef8e7c72a84df79e44ba89860f88b253c57.yml]]

[[ATTACHMENT|..\..\..\..\..\_temp\test-results\dist-player--D-a-Inmind-De-7a63d-ne-Discount-25-Percent-yml--chromium-retry1\attachments\Replay-log-70b359d622ddcb0004c21f92c852f5ed418cd0ab.yml]]

[[ATTACHMENT|..\..\..\..\..\_temp\test-results\dist-player--D-a-Inmind-De-7a63d-ne-Discount-25-Percent-yml--chromium-retry1\test-finished-1.png]]

[[ATTACHMENT|..\..\..\..\..\_temp\test-results\dist-player--D-a-Inmind-De-7a63d-ne-Discount-25-Percent-yml--chromium-retry1\video.webm]]
]]>
</system-out>
</testcase>
</testsuite>
</testsuites>