<testsuites id="" name="" tests="1" failures="0" skipped="0" errors="0" time="147.50864">
<testsuite name="dist\player.spec.js" timestamp="2026-09-15T00:28:55.203Z" hostname="chromium" tests="1" failures="0" skipped="0" time="145.584" errors="0">
<testcase name=" (D:\a\Inmind-Demo-WaveReadiness02\Inmind-Demo-WaveReadiness02\PageScriptLibrary\Invoice - 3\DynamicsCon - Page Scripting 10 - Save Invoice Draft No Post.yml)" classname="dist\player.spec.js" time="145.584">
<properties>
[...]
</properties>
<system-out>
<![CDATA[
[[ATTACHMENT|..\..\..\..\..\_temp\test-results\dist-player--D-a-Inmind-De-1de13--Invoice-Draft-No-Post-yml--chromium\test-failed-1.png]]

[[ATTACHMENT|..\..\..\..\..\_temp\test-results\dist-player--D-a-Inmind-De-1de13--Invoice-Draft-No-Post-yml--chromium\video.webm]]

[[ATTACHMENT|..\..\..\..\..\_temp\test-results\dist-player--D-a-Inmind-De-1de13--Invoice-Draft-No-Post-yml--chromium\error-context.md]]

[[ATTACHMENT|..\..\..\..\..\_temp\test-results\dist-player--D-a-Inmind-De-1de13--Invoice-Draft-No-Post-yml--chromium-retry1\attachments\Recording-8633c7ed70877db9fd07614e9b3978c78ff19e03.yml]]

[[ATTACHMENT|..\..\..\..\..\_temp\test-results\dist-player--D-a-Inmind-De-1de13--Invoice-Draft-No-Post-yml--chromium-retry1\attachments\Replay-log-89441fe41cda294fcc758b2753335f26349b2bff.yml]]

[[ATTACHMENT|..\..\..\..\..\_temp\test-results\dist-player--D-a-Inmind-De-1de13--Invoice-Draft-No-Post-yml--chromium-retry1\test-finished-1.png]]

[[ATTACHMENT|..\..\..\..\..\_temp\test-results\dist-player--D-a-Inmind-De-1de13--Invoice-Draft-No-Post-yml--chromium-retry1\video.webm]]
]]>
</system-out>
</testcase>
</testsuite>
</testsuites>