<testsuites id="" name="" tests="1" failures="0" skipped="0" errors="0" time="19.518555">
<testsuite name="dist\player.spec.js" timestamp="2026-09-16T15:48:29.933Z" hostname="chromium" tests="1" failures="0" skipped="0" time="18.436" errors="0">
<testcase name=" (D:\a\Inmind-Demo-WaveReadiness02\Inmind-Demo-WaveReadiness02\PageScriptLibrary\Invoice - 3\DynamicsCon - Page Scripting 10 - Save Invoice Draft No Post.yml)" classname="dist\player.spec.js" time="18.436">
<properties>
[...]
</properties>
<system-out>
<![CDATA[
[[ATTACHMENT|..\..\..\..\..\_temp\test-results\dist-player--D-a-Inmind-De-1de13--Invoice-Draft-No-Post-yml--chromium\attachments\Recording-8633c7ed70877db9fd07614e9b3978c78ff19e03.yml]]

[[ATTACHMENT|..\..\..\..\..\_temp\test-results\dist-player--D-a-Inmind-De-1de13--Invoice-Draft-No-Post-yml--chromium\attachments\Replay-log-8cb41b6da4683f0d208e4487941fccc3ec663b7e.yml]]

[[ATTACHMENT|..\..\..\..\..\_temp\test-results\dist-player--D-a-Inmind-De-1de13--Invoice-Draft-No-Post-yml--chromium\test-finished-1.png]]

[[ATTACHMENT|..\..\..\..\..\_temp\test-results\dist-player--D-a-Inmind-De-1de13--Invoice-Draft-No-Post-yml--chromium\video.webm]]
]]>
</system-out>
</testcase>
</testsuite>
</testsuites>