<testsuites id="" name="" tests="1" failures="0" skipped="0" errors="0" time="24.113082000000002">
<testsuite name="dist\player.spec.js" timestamp="2026-09-14T14:10:45.548Z" hostname="chromium" tests="1" failures="0" skipped="0" time="23.056" errors="0">
<testcase name=" (D:\a\Inmind-Demo-WaveReadiness02\Inmind-Demo-WaveReadiness02\PageScriptLibrary\Return - 4\DynamicsCon - Page Scripting 1 - Purchase Return Order.yml)" classname="dist\player.spec.js" time="23.056">
<properties>
[...]
</properties>
<system-out>
<![CDATA[
[[ATTACHMENT|..\..\..\..\..\_temp\test-results\dist-player--D-a-Inmind-De-bb8fc--Purchase-Return-Order-yml--chromium\attachments\Recording-c103b9b3fef1be3f21f513896bb20ee49665c696.yml]]

[[ATTACHMENT|..\..\..\..\..\_temp\test-results\dist-player--D-a-Inmind-De-bb8fc--Purchase-Return-Order-yml--chromium\attachments\Replay-log-da4c125ab7d365715497f81833bc04975bd961c9.yml]]

[[ATTACHMENT|..\..\..\..\..\_temp\test-results\dist-player--D-a-Inmind-De-bb8fc--Purchase-Return-Order-yml--chromium\test-finished-1.png]]

[[ATTACHMENT|..\..\..\..\..\_temp\test-results\dist-player--D-a-Inmind-De-bb8fc--Purchase-Return-Order-yml--chromium\video.webm]]
]]>
</system-out>
</testcase>
</testsuite>
</testsuites>